<?xml version="1.0" encoding="UTF-8"?>
<testsuite name="LerningRestAssured"
           tests="2"
           failures="0"
           errors="0"
           skipped="0"
           time="0.047">
    <properties></properties>



            <testcase
                name="testAuthtoGetToken"
                time="0.047"
                classname="RSL.ex_25062024.Lab285">
            </testcase>
            <testcase
                name="testAuthtoGetToken"
                time="0.000"
                classname="RSL.ex_25062024.Lab285">
            </testcase>
</testsuite>
