<?xml version="1.0" encoding="UTF-8"?>
<testsuite name="LerningRestAssured"
           tests="3"
           failures="0"
           errors="0"
           skipped="0"
           time="0.098">
    <properties></properties>



            <testcase
                name="testMethodA"
                time="0.089"
                classname="RSL.ex_25062024.Lab279">
            </testcase>
            <testcase
                name="testMethodB"
                time="0.006"
                classname="RSL.ex_25062024.Lab279">
            </testcase>
            <testcase
                name="testMethodC"
                time="0.003"
                classname="RSL.ex_25062024.Lab279">
            </testcase>
</testsuite>
