<?xml version="1.0" encoding="UTF-8"?>
<testsuite name="C:/Users/rahul/IdeaProjects/LerningRestAssured/src/test/java/RSL/ex_22062024/CRUD/POST"
           tests="2"
           failures="0"
           errors="0"
           skipped="0"
           time="2.205">
    <properties></properties>



            <testcase
                name="getRequestNegative"
                time="1.088"
                classname="RSL.ex_22062024.CRUD.GET.BDDStyle.NonBDDStyle.Lab270">
            </testcase>
            <testcase
                name="getRequestPositive"
                time="1.117"
                classname="RSL.ex_22062024.CRUD.GET.BDDStyle.NonBDDStyle.Lab270">
            </testcase>
</testsuite>
