<?xml version="1.0" encoding="UTF-8"?>
<testsuite name="LerningRestAssured"
           tests="4"
           failures="0"
           errors="0"
           skipped="0"
           time="0.064">
    <properties></properties>



            <testcase
                name="testMethodOne"
                time="0.002"
                classname="RSL.ex_25062024.Lab278">
            </testcase>
            <testcase
                name="testMethodTwo"
                time="0.002"
                classname="RSL.ex_25062024.Lab278">
            </testcase>
            <testcase
                name="testMethodZero"
                time="0.003"
                classname="RSL.ex_25062024.Lab278">
            </testcase>
            <testcase
                name="testMethodNegativeOne"
                time="0.057"
                classname="RSL.ex_25062024.Lab278">
            </testcase>
</testsuite>
