<?xml version="1.0" encoding="UTF-8"?>
<testsuite name="C:/Users/rahul/IdeaProjects/LerningRestAssured/src/test/java/RSL/ex_22062024/CRUD/POST"
           tests="2"
           failures="0"
           errors="0"
           skipped="0"
           time="1.180">
    <properties></properties>



            <testcase
                name="getRequestBDDStyle"
                time="0.636"
                classname="RSL.ex_22062024.CRUD.GET.BDDStyle.Lab269">
            </testcase>
            <testcase
                name="getRequestBDDStyle2"
                time="0.544"
                classname="RSL.ex_22062024.CRUD.GET.BDDStyle.Lab269">
            </testcase>
</testsuite>
